<?xml version="1.0" encoding="UTF-8"?>
<!-- Generated by org.testng.reporters.JUnitXMLReporter -->
<testsuite ignored="0" hostname="Sruhti" failures="0" tests="2" name="CHROME" time="1.808" errors="0" timestamp="2022-03-11T12:41:21 IST">
  <testcase classname="com.crm.geneics.Base_class_Test" name="@BeforeClass launchbrowser" time="1.605">
    <failure type="java.lang.NoSuchMethodError" message="com.google.common.collect.ImmutableMap.of(Ljava/lang/Object;Ljava/lang/Object;Ljava/lang/Object;Ljava/lang/Object;Ljava/lang/Object;Ljava/lang/Object;Ljava/lang/Object;Ljava/lang/Object;Ljava/lang/Object;Ljava/lang/Object;Ljava/lang/Object;Ljava/lang/Object;)Lcom/google/common/collect/ImmutableMap;">
      <![CDATA[java.lang.NoSuchMethodError: com.google.common.collect.ImmutableMap.of(Ljava/lang/Object;Ljava/lang/Object;Ljava/lang/Object;Ljava/lang/Object;Ljava/lang/Object;Ljava/lang/Object;Ljava/lang/Object;Ljava/lang/Object;Ljava/lang/Object;Ljava/lang/Object;Ljava/lang/Object;Ljava/lang/Object;)Lcom/google/common/collect/ImmutableMap;
at org.openqa.selenium.chrome.AddHasCasting.getAdditionalCommands(AddHasCasting.java:38)
at org.openqa.selenium.chrome.ChromeDriver$ChromeDriverCommandExecutor.getExtraCommands(ChromeDriver.java:123)
at org.openqa.selenium.chrome.ChromeDriver$ChromeDriverCommandExecutor.<init>(ChromeDriver.java:118)
at org.openqa.selenium.chrome.ChromeDriver.<init>(ChromeDriver.java:106)
at org.openqa.selenium.chrome.ChromeDriver.<init>(ChromeDriver.java:93)
at org.openqa.selenium.chrome.ChromeDriver.<init>(ChromeDriver.java:48)
at com.crm.geneics.Base_class_Test.launchbrowser(Base_class_Test.java:57)
at java.base/java.util.ArrayList.forEach(ArrayList.java:1541)
... Removed 25 stack frames]]>
    </failure>
  </testcase> <!-- @BeforeClass launchbrowser -->
  <testcase classname="com.crm.geneics.Base_class_Test" name="@BeforeMethod loginToApp" time="-1.64698268114E9">
    <skipped/>
  </testcase> <!-- @BeforeMethod loginToApp -->
  <testcase classname="com.crm.geneics.Base_class_Test" name="@AfterMethod logout" time="-1.646982681168E9">
    <skipped/>
  </testcase> <!-- @AfterMethod logout -->
  <testcase classname="com.crm.geneics.Base_class_Test" name="@BeforeMethod loginToApp" time="-1.646982681176E9">
    <skipped/>
  </testcase> <!-- @BeforeMethod loginToApp -->
  <testcase classname="com.crm.geneics.Base_class_Test" name="@AfterMethod logout" time="-1.646982681205E9">
    <skipped/>
  </testcase> <!-- @AfterMethod logout -->
  <testcase classname="com.crm.geneics.Base_class_Test" name="@AfterClass closebrowser" time="-1.646982681217E9">
    <skipped/>
  </testcase> <!-- @AfterClass closebrowser -->
  <testcase classname="practice_scripts1.TCC03_Contacts" name="create_contact" time="0.0">
    <skipped/>
  </testcase> <!-- create_contact -->
  <testcase classname="practice_scripts1.TCC03_Contacts" name="createcontactWithouOrg" time="0.0">
    <skipped/>
  </testcase> <!-- createcontactWithouOrg -->
</testsuite> <!-- CHROME -->
