<?xml version="1.0" encoding="UTF-8"?>
<!-- Generated by org.testng.reporters.JUnitXMLReporter -->
<testsuite ignored="0" hostname="Sruhti" failures="0" tests="2" name="FIREFOX" time="1.233" errors="0" timestamp="2022-03-11T12:41:22 IST">
  <testcase classname="com.crm.geneics.Base_class_Test" name="@BeforeClass launchbrowser" time="1.167">
    <failure type="java.lang.NoSuchMethodError" message="com.google.common.collect.ImmutableList.toImmutableList()Ljava/util/stream/Collector;">
      <![CDATA[java.lang.NoSuchMethodError: com.google.common.collect.ImmutableList.toImmutableList()Ljava/util/stream/Collector;
at org.openqa.selenium.remote.CapabilitiesUtils.makeW3CSafe(CapabilitiesUtils.java:98)
at org.openqa.selenium.remote.CapabilitiesUtils.makeW3CSafe(CapabilitiesUtils.java:70)
at java.base/java.util.stream.ReferencePipeline$7$1.accept(ReferencePipeline.java:271)
at java.base/java.util.Collections$2.tryAdvance(Collections.java:4747)
at java.base/java.util.Collections$2.forEachRemaining(Collections.java:4755)
at java.base/java.util.stream.AbstractPipeline.copyInto(AbstractPipeline.java:484)
at java.base/java.util.stream.AbstractPipeline.wrapAndCopyInto(AbstractPipeline.java:474)
at java.base/java.util.stream.ReduceOps$ReduceOp.evaluateSequential(ReduceOps.java:913)
at java.base/java.util.stream.AbstractPipeline.evaluate(AbstractPipeline.java:234)
at java.base/java.util.stream.ReferencePipeline.collect(ReferencePipeline.java:578)
at org.openqa.selenium.remote.DriverCommand.NEW_SESSION(DriverCommand.java:65)
at org.openqa.selenium.remote.RemoteWebDriver.startSession(RemoteWebDriver.java:245)
at org.openqa.selenium.remote.RemoteWebDriver.<init>(RemoteWebDriver.java:161)
at org.openqa.selenium.firefox.FirefoxDriver.<init>(FirefoxDriver.java:137)
at org.openqa.selenium.firefox.FirefoxDriver.<init>(FirefoxDriver.java:125)
at org.openqa.selenium.firefox.FirefoxDriver.<init>(FirefoxDriver.java:106)
at com.crm.geneics.Base_class_Test.launchbrowser(Base_class_Test.java:61)
at java.base/java.util.ArrayList.forEach(ArrayList.java:1541)
... Removed 25 stack frames]]>
    </failure>
  </testcase> <!-- @BeforeClass launchbrowser -->
  <testcase classname="com.crm.geneics.Base_class_Test" name="@BeforeMethod loginToApp" time="-1.64698268249E9">
    <skipped/>
  </testcase> <!-- @BeforeMethod loginToApp -->
  <testcase classname="com.crm.geneics.Base_class_Test" name="@AfterMethod logout" time="-1.646982682503E9">
    <skipped/>
  </testcase> <!-- @AfterMethod logout -->
  <testcase classname="com.crm.geneics.Base_class_Test" name="@BeforeMethod loginToApp" time="-1.646982682511E9">
    <skipped/>
  </testcase> <!-- @BeforeMethod loginToApp -->
  <testcase classname="com.crm.geneics.Base_class_Test" name="@AfterMethod logout" time="-1.646982682522E9">
    <skipped/>
  </testcase> <!-- @AfterMethod logout -->
  <testcase classname="com.crm.geneics.Base_class_Test" name="@AfterClass closebrowser" time="-1.646982682526E9">
    <skipped/>
  </testcase> <!-- @AfterClass closebrowser -->
  <testcase classname="practice_scripts1.TCC03_Contacts" name="create_contact" time="0.0">
    <skipped/>
  </testcase> <!-- create_contact -->
  <testcase classname="practice_scripts1.TCC03_Contacts" name="createcontactWithouOrg" time="0.0">
    <skipped/>
  </testcase> <!-- createcontactWithouOrg -->
</testsuite> <!-- FIREFOX -->
