<?xml version="1.0" encoding="UTF-8"?>
<testng-results ignored="8" total="13" passed="4" failed="1" skipped="0">
  <reporter-output>
  </reporter-output>
  <suite started-at="2022-03-11T13:27:32 IST" name="Suite" finished-at="2022-03-11T13:29:59 IST" duration-ms="147110">
    <groups>
      <group name="regression">
        <method signature="TCC01_CreateOrganisations.create_organisations()[pri:0, instance:practice_scripts1.TCC01_CreateOrganisations@291caca8]" name="create_organisations" class="practice_scripts1.TCC01_CreateOrganisations"/>
        <method signature="TCC03_Contacts.createcontactWithouOrg()[pri:0, instance:practice_scripts1.TCC03_Contacts@385e9564]" name="createcontactWithouOrg" class="practice_scripts1.TCC03_Contacts"/>
      </group> <!-- regression -->
      <group name="smoke">
        <method signature="TCC01_CreateOrganisations.create_emptyorg()[pri:0, instance:practice_scripts1.TCC01_CreateOrganisations@291caca8]" name="create_emptyorg" class="practice_scripts1.TCC01_CreateOrganisations"/>
        <method signature="TCC03_Contacts.create_contact()[pri:0, instance:practice_scripts1.TCC03_Contacts@385e9564]" name="create_contact" class="practice_scripts1.TCC03_Contacts"/>
      </group> <!-- smoke -->
    </groups>
    <test started-at="2022-03-11T13:27:32 IST" name="Test" finished-at="2022-03-11T13:29:59 IST" duration-ms="147110">
      <class name="practice_scripts1.TCC01_CreateOrganisations">
        <test-method is-config="true" signature="launchbrowser()[pri:0, instance:practice_scripts1.TCC01_CreateOrganisations@291caca8]" started-at="2022-03-11T13:28:12 IST" name="launchbrowser" finished-at="2022-03-11T13:28:14 IST" duration-ms="2211" status="PASS">
          <reporter-output>
          </reporter-output>
        </test-method> <!-- launchbrowser -->
        <test-method is-config="true" signature="loginToApp()[pri:0, instance:practice_scripts1.TCC01_CreateOrganisations@291caca8]" started-at="2022-03-11T13:28:14 IST" name="loginToApp" finished-at="2022-03-11T13:28:19 IST" duration-ms="5186" status="PASS">
          <reporter-output>
          </reporter-output>
        </test-method> <!-- loginToApp -->
        <test-method signature="create_emptyorg()[pri:0, instance:practice_scripts1.TCC01_CreateOrganisations@291caca8]" started-at="2022-03-11T13:28:19 IST" name="create_emptyorg" finished-at="2022-03-11T13:28:32 IST" duration-ms="12791" status="FAIL">
          <exception class="org.openqa.selenium.UnhandledAlertException">
            <message>
              <![CDATA[unexpected alert open: {Alert text : Organization Name cannot be empty}
  (Session info: chrome=99.0.4844.51): Organization Name cannot be empty
Build info: version: '4.1.2', revision: '9a5a329c5a'
System info: host: 'SRUHTI', ip: '192.168.76.89', os.name: 'Windows 10', os.arch: 'amd64', os.version: '10.0', java.version: '11.0.12'
Driver info: org.openqa.selenium.chrome.ChromeDriver
Command: [e0a6133ce46d51a4e87b1d6493c42a86, findElement {using=xpath, value=//a[.='Organizations']}]
Capabilities {acceptInsecureCerts: false, browserName: chrome, browserVersion: 99.0.4844.51, chrome: {chromedriverVersion: 99.0.4844.51 (d537ec02474b5..., userDataDir: C:\Users\LENOVO\AppData\Loc...}, goog:chromeOptions: {debuggerAddress: localhost:56946}, javascriptEnabled: true, networkConnectionEnabled: false, pageLoadStrategy: normal, platform: WINDOWS, platformName: WINDOWS, proxy: Proxy(), se:cdp: ws://localhost:56946/devtoo..., se:cdpVersion: 99.0.4844.51, setWindowRect: true, strictFileInteractability: false, timeouts: {implicit: 0, pageLoad: 300000, script: 30000}, unhandledPromptBehavior: dismiss and notify, webauthn:extension:credBlob: true, webauthn:extension:largeBlob: true, webauthn:virtualAuthenticators: true}
Session ID: e0a6133ce46d51a4e87b1d6493c42a86]]>
            </message>
            <full-stacktrace>
              <![CDATA[org.openqa.selenium.UnhandledAlertException: unexpected alert open: {Alert text : Organization Name cannot be empty}
  (Session info: chrome=99.0.4844.51): Organization Name cannot be empty
Build info: version: '4.1.2', revision: '9a5a329c5a'
System info: host: 'SRUHTI', ip: '192.168.76.89', os.name: 'Windows 10', os.arch: 'amd64', os.version: '10.0', java.version: '11.0.12'
Driver info: org.openqa.selenium.chrome.ChromeDriver
Command: [e0a6133ce46d51a4e87b1d6493c42a86, findElement {using=xpath, value=//a[.='Organizations']}]
Capabilities {acceptInsecureCerts: false, browserName: chrome, browserVersion: 99.0.4844.51, chrome: {chromedriverVersion: 99.0.4844.51 (d537ec02474b5..., userDataDir: C:\Users\LENOVO\AppData\Loc...}, goog:chromeOptions: {debuggerAddress: localhost:56946}, javascriptEnabled: true, networkConnectionEnabled: false, pageLoadStrategy: normal, platform: WINDOWS, platformName: WINDOWS, proxy: Proxy(), se:cdp: ws://localhost:56946/devtoo..., se:cdpVersion: 99.0.4844.51, setWindowRect: true, strictFileInteractability: false, timeouts: {implicit: 0, pageLoad: 300000, script: 30000}, unhandledPromptBehavior: dismiss and notify, webauthn:extension:credBlob: true, webauthn:extension:largeBlob: true, webauthn:virtualAuthenticators: true}
Session ID: e0a6133ce46d51a4e87b1d6493c42a86
at org.openqa.selenium.remote.codec.w3c.W3CHttpResponseCodec.decode(W3CHttpResponseCodec.java:131)
at org.openqa.selenium.remote.codec.w3c.W3CHttpResponseCodec.decode(W3CHttpResponseCodec.java:53)
at org.openqa.selenium.remote.HttpCommandExecutor.execute(HttpCommandExecutor.java:184)
at org.openqa.selenium.remote.service.DriverCommandExecutor.invokeExecute(DriverCommandExecutor.java:167)
at org.openqa.selenium.remote.service.DriverCommandExecutor.execute(DriverCommandExecutor.java:142)
at org.openqa.selenium.remote.RemoteWebDriver.execute(RemoteWebDriver.java:558)
at org.openqa.selenium.remote.ElementLocation$ElementFinder$2.findElement(ElementLocation.java:162)
at org.openqa.selenium.remote.ElementLocation.findElement(ElementLocation.java:60)
at org.openqa.selenium.remote.RemoteWebDriver.findElement(RemoteWebDriver.java:382)
at org.openqa.selenium.remote.RemoteWebDriver.findElement(RemoteWebDriver.java:374)
at org.openqa.selenium.support.pagefactory.DefaultElementLocator.findElement(DefaultElementLocator.java:70)
at org.openqa.selenium.support.pagefactory.internal.LocatingElementHandler.invoke(LocatingElementHandler.java:39)
at com.sun.proxy.$Proxy19.click(Unknown Source)
at practice_scripts1.TCC01_CreateOrganisations.create_emptyorg(TCC01_CreateOrganisations.java:59)
at java.base/jdk.internal.reflect.NativeMethodAccessorImpl.invoke0(Native Method)
at java.base/jdk.internal.reflect.NativeMethodAccessorImpl.invoke(NativeMethodAccessorImpl.java:62)
at java.base/jdk.internal.reflect.DelegatingMethodAccessorImpl.invoke(DelegatingMethodAccessorImpl.java:43)
at java.base/java.lang.reflect.Method.invoke(Method.java:566)
at org.testng.internal.MethodInvocationHelper.invokeMethod(MethodInvocationHelper.java:134)
at org.testng.internal.TestInvoker.invokeMethod(TestInvoker.java:597)
at org.testng.internal.TestInvoker.invokeTestMethod(TestInvoker.java:173)
at org.testng.internal.MethodRunner.runInSequence(MethodRunner.java:46)
at org.testng.internal.TestInvoker$MethodInvocationAgent.invoke(TestInvoker.java:816)
at org.testng.internal.TestInvoker.invokeTestMethods(TestInvoker.java:146)
at org.testng.internal.TestMethodWorker.invokeTestMethods(TestMethodWorker.java:146)
at org.testng.internal.TestMethodWorker.run(TestMethodWorker.java:128)
at java.base/java.util.ArrayList.forEach(ArrayList.java:1541)
at org.testng.TestRunner.privateRun(TestRunner.java:766)
at org.testng.TestRunner.run(TestRunner.java:587)
at org.testng.SuiteRunner.runTest(SuiteRunner.java:384)
at org.testng.SuiteRunner.runSequentially(SuiteRunner.java:378)
at org.testng.SuiteRunner.privateRun(SuiteRunner.java:337)
at org.testng.SuiteRunner.run(SuiteRunner.java:286)
at org.testng.SuiteRunnerWorker.runSuite(SuiteRunnerWorker.java:53)
at org.testng.SuiteRunnerWorker.run(SuiteRunnerWorker.java:96)
at org.testng.TestNG.runSuitesSequentially(TestNG.java:1187)
at org.testng.TestNG.runSuitesLocally(TestNG.java:1109)
at org.testng.TestNG.runSuites(TestNG.java:1039)
at org.testng.TestNG.run(TestNG.java:1007)
at org.apache.maven.surefire.testng.TestNGExecutor.run(TestNGExecutor.java:283)
at org.apache.maven.surefire.testng.TestNGXmlTestSuite.execute(TestNGXmlTestSuite.java:75)
at org.apache.maven.surefire.testng.TestNGProvider.invoke(TestNGProvider.java:120)
at org.apache.maven.surefire.booter.ForkedBooter.invokeProviderInSameClassLoader(ForkedBooter.java:379)
at org.apache.maven.surefire.booter.ForkedBooter.runSuitesInProcess(ForkedBooter.java:340)
at org.apache.maven.surefire.booter.ForkedBooter.execute(ForkedBooter.java:125)
at org.apache.maven.surefire.booter.ForkedBooter.main(ForkedBooter.java:413)
]]>
            </full-stacktrace>
          </exception> <!-- org.openqa.selenium.UnhandledAlertException -->
          <reporter-output>
          </reporter-output>
        </test-method> <!-- create_emptyorg -->
        <test-method is-config="true" signature="logout()[pri:0, instance:practice_scripts1.TCC01_CreateOrganisations@291caca8]" started-at="2022-03-11T13:28:32 IST" name="logout" finished-at="2022-03-11T13:28:34 IST" duration-ms="2048" status="PASS">
          <reporter-output>
          </reporter-output>
        </test-method> <!-- logout -->
        <test-method is-config="true" signature="loginToApp()[pri:0, instance:practice_scripts1.TCC01_CreateOrganisations@291caca8]" started-at="2022-03-11T13:28:34 IST" name="loginToApp" finished-at="2022-03-11T13:28:38 IST" duration-ms="4126" status="PASS">
          <reporter-output>
          </reporter-output>
        </test-method> <!-- loginToApp -->
        <test-method signature="create_organisations()[pri:0, instance:practice_scripts1.TCC01_CreateOrganisations@291caca8]" started-at="2022-03-11T13:28:38 IST" name="create_organisations" finished-at="2022-03-11T13:28:58 IST" duration-ms="20505" status="PASS">
          <reporter-output>
          </reporter-output>
        </test-method> <!-- create_organisations -->
        <test-method is-config="true" signature="logout()[pri:0, instance:practice_scripts1.TCC01_CreateOrganisations@291caca8]" started-at="2022-03-11T13:28:58 IST" name="logout" finished-at="2022-03-11T13:29:00 IST" duration-ms="1818" status="PASS">
          <reporter-output>
          </reporter-output>
        </test-method> <!-- logout -->
        <test-method is-config="true" signature="closebrowser()[pri:0, instance:practice_scripts1.TCC01_CreateOrganisations@291caca8]" started-at="2022-03-11T13:29:00 IST" name="closebrowser" finished-at="2022-03-11T13:29:00 IST" duration-ms="180" status="PASS">
          <reporter-output>
          </reporter-output>
        </test-method> <!-- closebrowser -->
      </class> <!-- practice_scripts1.TCC01_CreateOrganisations -->
      <class name="practice_scripts1.TCC03_Contacts">
        <test-method is-config="true" signature="launchbrowser()[pri:0, instance:practice_scripts1.TCC03_Contacts@385e9564]" started-at="2022-03-11T13:29:00 IST" name="launchbrowser" finished-at="2022-03-11T13:29:02 IST" duration-ms="1786" status="PASS">
          <reporter-output>
          </reporter-output>
        </test-method> <!-- launchbrowser -->
        <test-method is-config="true" signature="loginToApp()[pri:0, instance:practice_scripts1.TCC03_Contacts@385e9564]" started-at="2022-03-11T13:29:02 IST" name="loginToApp" finished-at="2022-03-11T13:29:07 IST" duration-ms="4695" status="PASS">
          <reporter-output>
          </reporter-output>
        </test-method> <!-- loginToApp -->
        <test-method signature="create_contact()[pri:0, instance:practice_scripts1.TCC03_Contacts@385e9564]" started-at="2022-03-11T13:29:07 IST" name="create_contact" finished-at="2022-03-11T13:29:31 IST" duration-ms="24241" status="PASS">
          <reporter-output>
          </reporter-output>
        </test-method> <!-- create_contact -->
        <test-method is-config="true" signature="logout()[pri:0, instance:practice_scripts1.TCC03_Contacts@385e9564]" started-at="2022-03-11T13:29:31 IST" name="logout" finished-at="2022-03-11T13:29:33 IST" duration-ms="1954" status="PASS">
          <reporter-output>
          </reporter-output>
        </test-method> <!-- logout -->
        <test-method is-config="true" signature="loginToApp()[pri:0, instance:practice_scripts1.TCC03_Contacts@385e9564]" started-at="2022-03-11T13:29:33 IST" name="loginToApp" finished-at="2022-03-11T13:29:37 IST" duration-ms="4146" status="PASS">
          <reporter-output>
          </reporter-output>
        </test-method> <!-- loginToApp -->
        <test-method signature="createcontactWithouOrg()[pri:0, instance:practice_scripts1.TCC03_Contacts@385e9564]" started-at="2022-03-11T13:29:37 IST" name="createcontactWithouOrg" finished-at="2022-03-11T13:29:57 IST" duration-ms="19951" status="PASS">
          <reporter-output>
          </reporter-output>
        </test-method> <!-- createcontactWithouOrg -->
        <test-method is-config="true" signature="logout()[pri:0, instance:practice_scripts1.TCC03_Contacts@385e9564]" started-at="2022-03-11T13:29:57 IST" name="logout" finished-at="2022-03-11T13:29:59 IST" duration-ms="1764" status="PASS">
          <reporter-output>
          </reporter-output>
        </test-method> <!-- logout -->
        <test-method is-config="true" signature="closebrowser()[pri:0, instance:practice_scripts1.TCC03_Contacts@385e9564]" started-at="2022-03-11T13:29:59 IST" name="closebrowser" finished-at="2022-03-11T13:29:59 IST" duration-ms="113" status="PASS">
          <reporter-output>
          </reporter-output>
        </test-method> <!-- closebrowser -->
      </class> <!-- practice_scripts1.TCC03_Contacts -->
      <class name="practice_scripts1.TCC02_CreateOrganisationWithDD">
        <test-method is-config="true" signature="makeConnections()[pri:0, instance:practice_scripts1.TCC02_CreateOrganisationWithDD@399c4be1]" started-at="2022-03-11T13:27:32 IST" name="makeConnections" finished-at="2022-03-11T13:27:32 IST" duration-ms="14" status="PASS">
          <reporter-output>
          </reporter-output>
        </test-method> <!-- makeConnections -->
        <test-method is-config="true" signature="beforeTest()[pri:0, instance:practice_scripts1.TCC02_CreateOrganisationWithDD@399c4be1]" started-at="2022-03-11T13:27:32 IST" name="beforeTest" finished-at="2022-03-11T13:27:32 IST" duration-ms="0" status="PASS">
          <reporter-output>
          </reporter-output>
        </test-method> <!-- beforeTest -->
        <test-method is-config="true" signature="launchbrowser()[pri:0, instance:practice_scripts1.TCC02_CreateOrganisationWithDD@399c4be1]" started-at="2022-03-11T13:27:32 IST" name="launchbrowser" finished-at="2022-03-11T13:27:39 IST" duration-ms="6686" status="PASS">
          <reporter-output>
          </reporter-output>
        </test-method> <!-- launchbrowser -->
        <test-method is-config="true" signature="loginToApp()[pri:0, instance:practice_scripts1.TCC02_CreateOrganisationWithDD@399c4be1]" started-at="2022-03-11T13:27:39 IST" name="loginToApp" finished-at="2022-03-11T13:27:44 IST" duration-ms="5292" status="PASS">
          <reporter-output>
          </reporter-output>
        </test-method> <!-- loginToApp -->
        <test-method signature="createOrgWithDD()[pri:0, instance:practice_scripts1.TCC02_CreateOrganisationWithDD@399c4be1]" started-at="2022-03-11T13:27:44 IST" name="createOrgWithDD" finished-at="2022-03-11T13:28:09 IST" duration-ms="25135" status="PASS">
          <reporter-output>
          </reporter-output>
        </test-method> <!-- createOrgWithDD -->
        <test-method is-config="true" signature="logout()[pri:0, instance:practice_scripts1.TCC02_CreateOrganisationWithDD@399c4be1]" started-at="2022-03-11T13:28:09 IST" name="logout" finished-at="2022-03-11T13:28:11 IST" duration-ms="2072" status="PASS">
          <reporter-output>
          </reporter-output>
        </test-method> <!-- logout -->
        <test-method is-config="true" signature="closebrowser()[pri:0, instance:practice_scripts1.TCC02_CreateOrganisationWithDD@399c4be1]" started-at="2022-03-11T13:28:11 IST" name="closebrowser" finished-at="2022-03-11T13:28:12 IST" duration-ms="306" status="PASS">
          <reporter-output>
          </reporter-output>
        </test-method> <!-- closebrowser -->
        <test-method is-config="true" signature="aftertest()[pri:0, instance:practice_scripts1.TCC02_CreateOrganisationWithDD@399c4be1]" started-at="2022-03-11T13:29:59 IST" name="aftertest" finished-at="2022-03-11T13:29:59 IST" duration-ms="1" status="PASS">
          <reporter-output>
          </reporter-output>
        </test-method> <!-- aftertest -->
        <test-method is-config="true" signature="aftersuite()[pri:0, instance:practice_scripts1.TCC02_CreateOrganisationWithDD@399c4be1]" started-at="2022-03-11T13:29:59 IST" name="aftersuite" finished-at="2022-03-11T13:29:59 IST" duration-ms="1" status="PASS">
          <reporter-output>
          </reporter-output>
        </test-method> <!-- aftersuite -->
      </class> <!-- practice_scripts1.TCC02_CreateOrganisationWithDD -->
    </test> <!-- Test -->
  </suite> <!-- Suite -->
</testng-results>
